<?xml version="1.0" encoding="UTF-8"?>
<testsuite xmlns:xsi="http://www.w3.org/2001/XMLSchema-instance" xsi:noNamespaceSchemaLocation="https://maven.apache.org/surefire/maven-surefire-plugin/xsd/surefire-test-report.xsd" name="com.example.blog.BlogApplicationTests" time="6.812" tests="1" errors="0" skipped="0" failures="0">
  <properties>
    <property name="java.specification.version" value="15"/>
    <property name="sun.cpu.isalist" value="amd64"/>
    <property name="sun.jnu.encoding" value="GBK"/>
    <property name="java.class.path" value="D:\+院\2021--2\移动互联应用设计与开发\IDEAstudy\blog\target\test-classes;D:\+院\2021--2\移动互联应用设计与开发\IDEAstudy\blog\target\classes;D:\Maven-Repository\org\springframework\boot\spring-boot-starter-aop\2.5.6\spring-boot-starter-aop-2.5.6.jar;D:\Maven-Repository\org\springframework\boot\spring-boot-starter\2.5.6\spring-boot-starter-2.5.6.jar;D:\Maven-Repository\org\springframework\boot\spring-boot\2.5.6\spring-boot-2.5.6.jar;D:\Maven-Repository\org\springframework\boot\spring-boot-autoconfigure\2.5.6\spring-boot-autoconfigure-2.5.6.jar;D:\Maven-Repository\org\springframework\boot\spring-boot-starter-logging\2.5.6\spring-boot-starter-logging-2.5.6.jar;D:\Maven-Repository\ch\qos\logback\logback-classic\1.2.6\logback-classic-1.2.6.jar;D:\Maven-Repository\ch\qos\logback\logback-core\1.2.6\logback-core-1.2.6.jar;D:\Maven-Repository\org\apache\logging\log4j\log4j-to-slf4j\2.14.1\log4j-to-slf4j-2.14.1.jar;D:\Maven-Repository\org\apache\logging\log4j\log4j-api\2.14.1\log4j-api-2.14.1.jar;D:\Maven-Repository\org\slf4j\jul-to-slf4j\1.7.32\jul-to-slf4j-1.7.32.jar;D:\Maven-Repository\jakarta\annotation\jakarta.annotation-api\1.3.5\jakarta.annotation-api-1.3.5.jar;D:\Maven-Repository\org\yaml\snakeyaml\1.28\snakeyaml-1.28.jar;D:\Maven-Repository\org\springframework\spring-aop\5.3.12\spring-aop-5.3.12.jar;D:\Maven-Repository\org\springframework\spring-beans\5.3.12\spring-beans-5.3.12.jar;D:\Maven-Repository\org\aspectj\aspectjweaver\1.9.7\aspectjweaver-1.9.7.jar;D:\Maven-Repository\org\springframework\boot\spring-boot-starter-data-jpa\2.5.6\spring-boot-starter-data-jpa-2.5.6.jar;D:\Maven-Repository\org\springframework\boot\spring-boot-starter-jdbc\2.5.6\spring-boot-starter-jdbc-2.5.6.jar;D:\Maven-Repository\com\zaxxer\HikariCP\4.0.3\HikariCP-4.0.3.jar;D:\Maven-Repository\org\springframework\spring-jdbc\5.3.12\spring-jdbc-5.3.12.jar;D:\Maven-Repository\jakarta\transaction\jakarta.transaction-api\1.3.3\jakarta.transaction-api-1.3.3.jar;D:\Maven-Repository\jakarta\persistence\jakarta.persistence-api\2.2.3\jakarta.persistence-api-2.2.3.jar;D:\Maven-Repository\org\hibernate\hibernate-core\5.4.32.Final\hibernate-core-5.4.32.Final.jar;D:\Maven-Repository\org\javassist\javassist\3.27.0-GA\javassist-3.27.0-GA.jar;D:\Maven-Repository\net\bytebuddy\byte-buddy\1.10.22\byte-buddy-1.10.22.jar;D:\Maven-Repository\antlr\antlr\2.7.7\antlr-2.7.7.jar;D:\Maven-Repository\org\jboss\jandex\2.2.3.Final\jandex-2.2.3.Final.jar;D:\Maven-Repository\org\dom4j\dom4j\2.1.3\dom4j-2.1.3.jar;D:\Maven-Repository\org\hibernate\common\hibernate-commons-annotations\5.1.2.Final\hibernate-commons-annotations-5.1.2.Final.jar;D:\Maven-Repository\org\glassfish\jaxb\jaxb-runtime\2.3.5\jaxb-runtime-2.3.5.jar;D:\Maven-Repository\org\glassfish\jaxb\txw2\2.3.5\txw2-2.3.5.jar;D:\Maven-Repository\com\sun\istack\istack-commons-runtime\3.0.12\istack-commons-runtime-3.0.12.jar;D:\Maven-Repository\com\sun\activation\jakarta.activation\1.2.2\jakarta.activation-1.2.2.jar;D:\Maven-Repository\org\springframework\data\spring-data-jpa\2.5.6\spring-data-jpa-2.5.6.jar;D:\Maven-Repository\org\springframework\data\spring-data-commons\2.5.6\spring-data-commons-2.5.6.jar;D:\Maven-Repository\org\springframework\spring-orm\5.3.12\spring-orm-5.3.12.jar;D:\Maven-Repository\org\springframework\spring-context\5.3.12\spring-context-5.3.12.jar;D:\Maven-Repository\org\springframework\spring-tx\5.3.12\spring-tx-5.3.12.jar;D:\Maven-Repository\org\slf4j\slf4j-api\1.7.32\slf4j-api-1.7.32.jar;D:\Maven-Repository\org\springframework\spring-aspects\5.3.12\spring-aspects-5.3.12.jar;D:\Maven-Repository\org\springframework\boot\spring-boot-starter-thymeleaf\2.5.6\spring-boot-starter-thymeleaf-2.5.6.jar;D:\Maven-Repository\org\thymeleaf\thymeleaf-spring5\3.0.12.RELEASE\thymeleaf-spring5-3.0.12.RELEASE.jar;D:\Maven-Repository\org\thymeleaf\thymeleaf\3.0.12.RELEASE\thymeleaf-3.0.12.RELEASE.jar;D:\Maven-Repository\org\attoparser\attoparser\2.0.5.RELEASE\attoparser-2.0.5.RELEASE.jar;D:\Maven-Repository\org\unbescape\unbescape\1.1.6.RELEASE\unbescape-1.1.6.RELEASE.jar;D:\Maven-Repository\org\thymeleaf\extras\thymeleaf-extras-java8time\3.0.4.RELEASE\thymeleaf-extras-java8time-3.0.4.RELEASE.jar;D:\Maven-Repository\org\springframework\boot\spring-boot-starter-web\2.5.6\spring-boot-starter-web-2.5.6.jar;D:\Maven-Repository\org\springframework\boot\spring-boot-starter-json\2.5.6\spring-boot-starter-json-2.5.6.jar;D:\Maven-Repository\com\fasterxml\jackson\core\jackson-databind\2.12.5\jackson-databind-2.12.5.jar;D:\Maven-Repository\com\fasterxml\jackson\core\jackson-annotations\2.12.5\jackson-annotations-2.12.5.jar;D:\Maven-Repository\com\fasterxml\jackson\core\jackson-core\2.12.5\jackson-core-2.12.5.jar;D:\Maven-Repository\com\fasterxml\jackson\datatype\jackson-datatype-jdk8\2.12.5\jackson-datatype-jdk8-2.12.5.jar;D:\Maven-Repository\com\fasterxml\jackson\datatype\jackson-datatype-jsr310\2.12.5\jackson-datatype-jsr310-2.12.5.jar;D:\Maven-Repository\com\fasterxml\jackson\module\jackson-module-parameter-names\2.12.5\jackson-module-parameter-names-2.12.5.jar;D:\Maven-Repository\org\springframework\boot\spring-boot-starter-tomcat\2.5.6\spring-boot-starter-tomcat-2.5.6.jar;D:\Maven-Repository\org\apache\tomcat\embed\tomcat-embed-core\9.0.54\tomcat-embed-core-9.0.54.jar;D:\Maven-Repository\org\apache\tomcat\embed\tomcat-embed-el\9.0.54\tomcat-embed-el-9.0.54.jar;D:\Maven-Repository\org\apache\tomcat\embed\tomcat-embed-websocket\9.0.54\tomcat-embed-websocket-9.0.54.jar;D:\Maven-Repository\org\springframework\spring-web\5.3.12\spring-web-5.3.12.jar;D:\Maven-Repository\org\springframework\spring-webmvc\5.3.12\spring-webmvc-5.3.12.jar;D:\Maven-Repository\org\springframework\spring-expression\5.3.12\spring-expression-5.3.12.jar;D:\Maven-Repository\org\commonmark\commonmark\0.18.0\commonmark-0.18.0.jar;D:\Maven-Repository\org\commonmark\commonmark-ext-gfm-tables\0.18.0\commonmark-ext-gfm-tables-0.18.0.jar;D:\Maven-Repository\org\commonmark\commonmark-ext-heading-anchor\0.18.0\commonmark-ext-heading-anchor-0.18.0.jar;D:\Maven-Repository\mysql\mysql-connector-java\8.0.27\mysql-connector-java-8.0.27.jar;D:\Maven-Repository\org\springframework\boot\spring-boot-starter-test\2.5.6\spring-boot-starter-test-2.5.6.jar;D:\Maven-Repository\org\springframework\boot\spring-boot-test\2.5.6\spring-boot-test-2.5.6.jar;D:\Maven-Repository\org\springframework\boot\spring-boot-test-autoconfigure\2.5.6\spring-boot-test-autoconfigure-2.5.6.jar;D:\Maven-Repository\com\jayway\jsonpath\json-path\2.5.0\json-path-2.5.0.jar;D:\Maven-Repository\net\minidev\json-smart\2.4.7\json-smart-2.4.7.jar;D:\Maven-Repository\net\minidev\accessors-smart\2.4.7\accessors-smart-2.4.7.jar;D:\Maven-Repository\org\ow2\asm\asm\9.1\asm-9.1.jar;D:\Maven-Repository\jakarta\xml\bind\jakarta.xml.bind-api\2.3.3\jakarta.xml.bind-api-2.3.3.jar;D:\Maven-Repository\jakarta\activation\jakarta.activation-api\1.2.2\jakarta.activation-api-1.2.2.jar;D:\Maven-Repository\org\assertj\assertj-core\3.19.0\assertj-core-3.19.0.jar;D:\Maven-Repository\org\hamcrest\hamcrest\2.2\hamcrest-2.2.jar;D:\Maven-Repository\org\junit\jupiter\junit-jupiter\5.7.2\junit-jupiter-5.7.2.jar;D:\Maven-Repository\org\junit\jupiter\junit-jupiter-api\5.7.2\junit-jupiter-api-5.7.2.jar;D:\Maven-Repository\org\opentest4j\opentest4j\1.2.0\opentest4j-1.2.0.jar;D:\Maven-Repository\org\junit\platform\junit-platform-commons\1.7.2\junit-platform-commons-1.7.2.jar;D:\Maven-Repository\org\junit\jupiter\junit-jupiter-params\5.7.2\junit-jupiter-params-5.7.2.jar;D:\Maven-Repository\org\junit\jupiter\junit-jupiter-engine\5.7.2\junit-jupiter-engine-5.7.2.jar;D:\Maven-Repository\org\junit\platform\junit-platform-engine\1.7.2\junit-platform-engine-1.7.2.jar;D:\Maven-Repository\org\mockito\mockito-core\3.9.0\mockito-core-3.9.0.jar;D:\Maven-Repository\net\bytebuddy\byte-buddy-agent\1.10.22\byte-buddy-agent-1.10.22.jar;D:\Maven-Repository\org\objenesis\objenesis\3.2\objenesis-3.2.jar;D:\Maven-Repository\org\mockito\mockito-junit-jupiter\3.9.0\mockito-junit-jupiter-3.9.0.jar;D:\Maven-Repository\org\skyscreamer\jsonassert\1.5.0\jsonassert-1.5.0.jar;D:\Maven-Repository\com\vaadin\external\google\android-json\0.0.20131108.vaadin1\android-json-0.0.20131108.vaadin1.jar;D:\Maven-Repository\org\springframework\spring-core\5.3.12\spring-core-5.3.12.jar;D:\Maven-Repository\org\springframework\spring-jcl\5.3.12\spring-jcl-5.3.12.jar;D:\Maven-Repository\org\springframework\spring-test\5.3.12\spring-test-5.3.12.jar;D:\Maven-Repository\org\xmlunit\xmlunit-core\2.8.3\xmlunit-core-2.8.3.jar;D:\Maven-Repository\org\hibernate\validator\hibernate-validator\6.0.17.Final\hibernate-validator-6.0.17.Final.jar;D:\Maven-Repository\javax\validation\validation-api\2.0.1.Final\validation-api-2.0.1.Final.jar;D:\Maven-Repository\org\jboss\logging\jboss-logging\3.4.2.Final\jboss-logging-3.4.2.Final.jar;D:\Maven-Repository\com\fasterxml\classmate\1.5.1\classmate-1.5.1.jar;D:\Maven-Repository\net\sf\trove4j\trove4j\3.0.3\trove4j-3.0.3.jar;D:\Maven-Repository\commons-cli\commons-cli\1.2\commons-cli-1.2.jar;D:\Maven-Repository\org\springframework\boot\spring-boot-starter-data-neo4j\2.5.6\spring-boot-starter-data-neo4j-2.5.6.jar;D:\Maven-Repository\org\springframework\data\spring-data-neo4j\6.1.6\spring-data-neo4j-6.1.6.jar;D:\Maven-Repository\org\apiguardian\apiguardian-api\1.1.1\apiguardian-api-1.1.1.jar;D:\Maven-Repository\org\neo4j\neo4j-cypher-dsl\2021.2.4\neo4j-cypher-dsl-2021.2.4.jar;D:\Maven-Repository\org\neo4j\driver\neo4j-java-driver\4.2.7\neo4j-java-driver-4.2.7.jar;D:\Maven-Repository\org\reactivestreams\reactive-streams\1.0.3\reactive-streams-1.0.3.jar;D:\+院\2021--2\移动互联应用设计与开发\IDEAstudy\blog\lib\json.jar;"/>
    <property name="java.vm.vendor" value="Oracle Corporation"/>
    <property name="sun.arch.data.model" value="64"/>
    <property name="user.variant" value=""/>
    <property name="java.vendor.url" value="https://java.oracle.com/"/>
    <property name="user.timezone" value="Asia/Shanghai"/>
    <property name="os.name" value="Windows 10"/>
    <property name="java.vm.specification.version" value="15"/>
    <property name="sun.java.launcher" value="SUN_STANDARD"/>
    <property name="user.country" value="CN"/>
    <property name="sun.boot.library.path" value="D:\jdk-15.0.2\bin"/>
    <property name="sun.java.command" value="C:\Users\DELL\AppData\Local\Temp\surefire13077830486501995720\surefirebooter7835395451196886795.jar C:\Users\DELL\AppData\Local\Temp\surefire13077830486501995720 2021-11-18T22-22-45_906-jvmRun1 surefire14285321648119236591tmp surefire_013600279155013531950tmp"/>
    <property name="jdk.debug" value="release"/>
    <property name="surefire.test.class.path" value="D:\+院\2021--2\移动互联应用设计与开发\IDEAstudy\blog\target\test-classes;D:\+院\2021--2\移动互联应用设计与开发\IDEAstudy\blog\target\classes;D:\Maven-Repository\org\springframework\boot\spring-boot-starter-aop\2.5.6\spring-boot-starter-aop-2.5.6.jar;D:\Maven-Repository\org\springframework\boot\spring-boot-starter\2.5.6\spring-boot-starter-2.5.6.jar;D:\Maven-Repository\org\springframework\boot\spring-boot\2.5.6\spring-boot-2.5.6.jar;D:\Maven-Repository\org\springframework\boot\spring-boot-autoconfigure\2.5.6\spring-boot-autoconfigure-2.5.6.jar;D:\Maven-Repository\org\springframework\boot\spring-boot-starter-logging\2.5.6\spring-boot-starter-logging-2.5.6.jar;D:\Maven-Repository\ch\qos\logback\logback-classic\1.2.6\logback-classic-1.2.6.jar;D:\Maven-Repository\ch\qos\logback\logback-core\1.2.6\logback-core-1.2.6.jar;D:\Maven-Repository\org\apache\logging\log4j\log4j-to-slf4j\2.14.1\log4j-to-slf4j-2.14.1.jar;D:\Maven-Repository\org\apache\logging\log4j\log4j-api\2.14.1\log4j-api-2.14.1.jar;D:\Maven-Repository\org\slf4j\jul-to-slf4j\1.7.32\jul-to-slf4j-1.7.32.jar;D:\Maven-Repository\jakarta\annotation\jakarta.annotation-api\1.3.5\jakarta.annotation-api-1.3.5.jar;D:\Maven-Repository\org\yaml\snakeyaml\1.28\snakeyaml-1.28.jar;D:\Maven-Repository\org\springframework\spring-aop\5.3.12\spring-aop-5.3.12.jar;D:\Maven-Repository\org\springframework\spring-beans\5.3.12\spring-beans-5.3.12.jar;D:\Maven-Repository\org\aspectj\aspectjweaver\1.9.7\aspectjweaver-1.9.7.jar;D:\Maven-Repository\org\springframework\boot\spring-boot-starter-data-jpa\2.5.6\spring-boot-starter-data-jpa-2.5.6.jar;D:\Maven-Repository\org\springframework\boot\spring-boot-starter-jdbc\2.5.6\spring-boot-starter-jdbc-2.5.6.jar;D:\Maven-Repository\com\zaxxer\HikariCP\4.0.3\HikariCP-4.0.3.jar;D:\Maven-Repository\org\springframework\spring-jdbc\5.3.12\spring-jdbc-5.3.12.jar;D:\Maven-Repository\jakarta\transaction\jakarta.transaction-api\1.3.3\jakarta.transaction-api-1.3.3.jar;D:\Maven-Repository\jakarta\persistence\jakarta.persistence-api\2.2.3\jakarta.persistence-api-2.2.3.jar;D:\Maven-Repository\org\hibernate\hibernate-core\5.4.32.Final\hibernate-core-5.4.32.Final.jar;D:\Maven-Repository\org\javassist\javassist\3.27.0-GA\javassist-3.27.0-GA.jar;D:\Maven-Repository\net\bytebuddy\byte-buddy\1.10.22\byte-buddy-1.10.22.jar;D:\Maven-Repository\antlr\antlr\2.7.7\antlr-2.7.7.jar;D:\Maven-Repository\org\jboss\jandex\2.2.3.Final\jandex-2.2.3.Final.jar;D:\Maven-Repository\org\dom4j\dom4j\2.1.3\dom4j-2.1.3.jar;D:\Maven-Repository\org\hibernate\common\hibernate-commons-annotations\5.1.2.Final\hibernate-commons-annotations-5.1.2.Final.jar;D:\Maven-Repository\org\glassfish\jaxb\jaxb-runtime\2.3.5\jaxb-runtime-2.3.5.jar;D:\Maven-Repository\org\glassfish\jaxb\txw2\2.3.5\txw2-2.3.5.jar;D:\Maven-Repository\com\sun\istack\istack-commons-runtime\3.0.12\istack-commons-runtime-3.0.12.jar;D:\Maven-Repository\com\sun\activation\jakarta.activation\1.2.2\jakarta.activation-1.2.2.jar;D:\Maven-Repository\org\springframework\data\spring-data-jpa\2.5.6\spring-data-jpa-2.5.6.jar;D:\Maven-Repository\org\springframework\data\spring-data-commons\2.5.6\spring-data-commons-2.5.6.jar;D:\Maven-Repository\org\springframework\spring-orm\5.3.12\spring-orm-5.3.12.jar;D:\Maven-Repository\org\springframework\spring-context\5.3.12\spring-context-5.3.12.jar;D:\Maven-Repository\org\springframework\spring-tx\5.3.12\spring-tx-5.3.12.jar;D:\Maven-Repository\org\slf4j\slf4j-api\1.7.32\slf4j-api-1.7.32.jar;D:\Maven-Repository\org\springframework\spring-aspects\5.3.12\spring-aspects-5.3.12.jar;D:\Maven-Repository\org\springframework\boot\spring-boot-starter-thymeleaf\2.5.6\spring-boot-starter-thymeleaf-2.5.6.jar;D:\Maven-Repository\org\thymeleaf\thymeleaf-spring5\3.0.12.RELEASE\thymeleaf-spring5-3.0.12.RELEASE.jar;D:\Maven-Repository\org\thymeleaf\thymeleaf\3.0.12.RELEASE\thymeleaf-3.0.12.RELEASE.jar;D:\Maven-Repository\org\attoparser\attoparser\2.0.5.RELEASE\attoparser-2.0.5.RELEASE.jar;D:\Maven-Repository\org\unbescape\unbescape\1.1.6.RELEASE\unbescape-1.1.6.RELEASE.jar;D:\Maven-Repository\org\thymeleaf\extras\thymeleaf-extras-java8time\3.0.4.RELEASE\thymeleaf-extras-java8time-3.0.4.RELEASE.jar;D:\Maven-Repository\org\springframework\boot\spring-boot-starter-web\2.5.6\spring-boot-starter-web-2.5.6.jar;D:\Maven-Repository\org\springframework\boot\spring-boot-starter-json\2.5.6\spring-boot-starter-json-2.5.6.jar;D:\Maven-Repository\com\fasterxml\jackson\core\jackson-databind\2.12.5\jackson-databind-2.12.5.jar;D:\Maven-Repository\com\fasterxml\jackson\core\jackson-annotations\2.12.5\jackson-annotations-2.12.5.jar;D:\Maven-Repository\com\fasterxml\jackson\core\jackson-core\2.12.5\jackson-core-2.12.5.jar;D:\Maven-Repository\com\fasterxml\jackson\datatype\jackson-datatype-jdk8\2.12.5\jackson-datatype-jdk8-2.12.5.jar;D:\Maven-Repository\com\fasterxml\jackson\datatype\jackson-datatype-jsr310\2.12.5\jackson-datatype-jsr310-2.12.5.jar;D:\Maven-Repository\com\fasterxml\jackson\module\jackson-module-parameter-names\2.12.5\jackson-module-parameter-names-2.12.5.jar;D:\Maven-Repository\org\springframework\boot\spring-boot-starter-tomcat\2.5.6\spring-boot-starter-tomcat-2.5.6.jar;D:\Maven-Repository\org\apache\tomcat\embed\tomcat-embed-core\9.0.54\tomcat-embed-core-9.0.54.jar;D:\Maven-Repository\org\apache\tomcat\embed\tomcat-embed-el\9.0.54\tomcat-embed-el-9.0.54.jar;D:\Maven-Repository\org\apache\tomcat\embed\tomcat-embed-websocket\9.0.54\tomcat-embed-websocket-9.0.54.jar;D:\Maven-Repository\org\springframework\spring-web\5.3.12\spring-web-5.3.12.jar;D:\Maven-Repository\org\springframework\spring-webmvc\5.3.12\spring-webmvc-5.3.12.jar;D:\Maven-Repository\org\springframework\spring-expression\5.3.12\spring-expression-5.3.12.jar;D:\Maven-Repository\org\commonmark\commonmark\0.18.0\commonmark-0.18.0.jar;D:\Maven-Repository\org\commonmark\commonmark-ext-gfm-tables\0.18.0\commonmark-ext-gfm-tables-0.18.0.jar;D:\Maven-Repository\org\commonmark\commonmark-ext-heading-anchor\0.18.0\commonmark-ext-heading-anchor-0.18.0.jar;D:\Maven-Repository\mysql\mysql-connector-java\8.0.27\mysql-connector-java-8.0.27.jar;D:\Maven-Repository\org\springframework\boot\spring-boot-starter-test\2.5.6\spring-boot-starter-test-2.5.6.jar;D:\Maven-Repository\org\springframework\boot\spring-boot-test\2.5.6\spring-boot-test-2.5.6.jar;D:\Maven-Repository\org\springframework\boot\spring-boot-test-autoconfigure\2.5.6\spring-boot-test-autoconfigure-2.5.6.jar;D:\Maven-Repository\com\jayway\jsonpath\json-path\2.5.0\json-path-2.5.0.jar;D:\Maven-Repository\net\minidev\json-smart\2.4.7\json-smart-2.4.7.jar;D:\Maven-Repository\net\minidev\accessors-smart\2.4.7\accessors-smart-2.4.7.jar;D:\Maven-Repository\org\ow2\asm\asm\9.1\asm-9.1.jar;D:\Maven-Repository\jakarta\xml\bind\jakarta.xml.bind-api\2.3.3\jakarta.xml.bind-api-2.3.3.jar;D:\Maven-Repository\jakarta\activation\jakarta.activation-api\1.2.2\jakarta.activation-api-1.2.2.jar;D:\Maven-Repository\org\assertj\assertj-core\3.19.0\assertj-core-3.19.0.jar;D:\Maven-Repository\org\hamcrest\hamcrest\2.2\hamcrest-2.2.jar;D:\Maven-Repository\org\junit\jupiter\junit-jupiter\5.7.2\junit-jupiter-5.7.2.jar;D:\Maven-Repository\org\junit\jupiter\junit-jupiter-api\5.7.2\junit-jupiter-api-5.7.2.jar;D:\Maven-Repository\org\opentest4j\opentest4j\1.2.0\opentest4j-1.2.0.jar;D:\Maven-Repository\org\junit\platform\junit-platform-commons\1.7.2\junit-platform-commons-1.7.2.jar;D:\Maven-Repository\org\junit\jupiter\junit-jupiter-params\5.7.2\junit-jupiter-params-5.7.2.jar;D:\Maven-Repository\org\junit\jupiter\junit-jupiter-engine\5.7.2\junit-jupiter-engine-5.7.2.jar;D:\Maven-Repository\org\junit\platform\junit-platform-engine\1.7.2\junit-platform-engine-1.7.2.jar;D:\Maven-Repository\org\mockito\mockito-core\3.9.0\mockito-core-3.9.0.jar;D:\Maven-Repository\net\bytebuddy\byte-buddy-agent\1.10.22\byte-buddy-agent-1.10.22.jar;D:\Maven-Repository\org\objenesis\objenesis\3.2\objenesis-3.2.jar;D:\Maven-Repository\org\mockito\mockito-junit-jupiter\3.9.0\mockito-junit-jupiter-3.9.0.jar;D:\Maven-Repository\org\skyscreamer\jsonassert\1.5.0\jsonassert-1.5.0.jar;D:\Maven-Repository\com\vaadin\external\google\android-json\0.0.20131108.vaadin1\android-json-0.0.20131108.vaadin1.jar;D:\Maven-Repository\org\springframework\spring-core\5.3.12\spring-core-5.3.12.jar;D:\Maven-Repository\org\springframework\spring-jcl\5.3.12\spring-jcl-5.3.12.jar;D:\Maven-Repository\org\springframework\spring-test\5.3.12\spring-test-5.3.12.jar;D:\Maven-Repository\org\xmlunit\xmlunit-core\2.8.3\xmlunit-core-2.8.3.jar;D:\Maven-Repository\org\hibernate\validator\hibernate-validator\6.0.17.Final\hibernate-validator-6.0.17.Final.jar;D:\Maven-Repository\javax\validation\validation-api\2.0.1.Final\validation-api-2.0.1.Final.jar;D:\Maven-Repository\org\jboss\logging\jboss-logging\3.4.2.Final\jboss-logging-3.4.2.Final.jar;D:\Maven-Repository\com\fasterxml\classmate\1.5.1\classmate-1.5.1.jar;D:\Maven-Repository\net\sf\trove4j\trove4j\3.0.3\trove4j-3.0.3.jar;D:\Maven-Repository\commons-cli\commons-cli\1.2\commons-cli-1.2.jar;D:\Maven-Repository\org\springframework\boot\spring-boot-starter-data-neo4j\2.5.6\spring-boot-starter-data-neo4j-2.5.6.jar;D:\Maven-Repository\org\springframework\data\spring-data-neo4j\6.1.6\spring-data-neo4j-6.1.6.jar;D:\Maven-Repository\org\apiguardian\apiguardian-api\1.1.1\apiguardian-api-1.1.1.jar;D:\Maven-Repository\org\neo4j\neo4j-cypher-dsl\2021.2.4\neo4j-cypher-dsl-2021.2.4.jar;D:\Maven-Repository\org\neo4j\driver\neo4j-java-driver\4.2.7\neo4j-java-driver-4.2.7.jar;D:\Maven-Repository\org\reactivestreams\reactive-streams\1.0.3\reactive-streams-1.0.3.jar;D:\+院\2021--2\移动互联应用设计与开发\IDEAstudy\blog\lib\json.jar;"/>
    <property name="sun.cpu.endian" value="little"/>
    <property name="user.home" value="C:\Users\DELL"/>
    <property name="user.language" value="zh"/>
    <property name="java.specification.vendor" value="Oracle Corporation"/>
    <property name="java.version.date" value="2021-01-19"/>
    <property name="java.home" value="D:\jdk-15.0.2"/>
    <property name="file.separator" value="\"/>
    <property name="basedir" value="D:\+院\2021--2\移动互联应用设计与开发\IDEAstudy\blog"/>
    <property name="java.vm.compressedOopsMode" value="32-bit"/>
    <property name="line.separator" value="&#10;"/>
    <property name="java.vm.specification.vendor" value="Oracle Corporation"/>
    <property name="java.specification.name" value="Java Platform API Specification"/>
    <property name="surefire.real.class.path" value="C:\Users\DELL\AppData\Local\Temp\surefire13077830486501995720\surefirebooter7835395451196886795.jar"/>
    <property name="user.script" value=""/>
    <property name="sun.management.compiler" value="HotSpot 64-Bit Tiered Compilers"/>
    <property name="java.runtime.version" value="15.0.2+7-27"/>
    <property name="user.name" value="DELL"/>
    <property name="path.separator" value=";"/>
    <property name="os.version" value="10.0"/>
    <property name="java.runtime.name" value="Java(TM) SE Runtime Environment"/>
    <property name="file.encoding" value="GBK"/>
    <property name="java.vm.name" value="Java HotSpot(TM) 64-Bit Server VM"/>
    <property name="localRepository" value="D:\Maven-Repository"/>
    <property name="java.vendor.url.bug" value="https://bugreport.java.com/bugreport/"/>
    <property name="java.io.tmpdir" value="C:\Users\DELL\AppData\Local\Temp\"/>
    <property name="java.version" value="15.0.2"/>
    <property name="user.dir" value="D:\+院\2021--2\移动互联应用设计与开发\IDEAstudy\blog"/>
    <property name="os.arch" value="amd64"/>
    <property name="java.vm.specification.name" value="Java Virtual Machine Specification"/>
    <property name="sun.os.patch.level" value=""/>
    <property name="java.library.path" value="D:\jdk-15.0.2\bin;C:\WINDOWS\Sun\Java\bin;C:\WINDOWS\system32;C:\WINDOWS;E:\vmware\bin\;D:\python3.6\Scripts\;D:\python3.6\;C:\Windows\system32;C:\Windows;C:\Windows\System32\Wbem;C:\Windows\System32\WindowsPowerShell\v1.0\;C:\Windows\System32\OpenSSH\;C:\Program Files (x86)\NVIDIA Corporation\PhysX\Common;&quot;D:\jdk-15.0.2\jre\bin;&quot;;&quot;D:\jdk-15.0.2\bin;.;D:\jdk-15.0.2\bin;D:\jdk-15.0.2\lib\dt.jar;D:\jdk-15.0.2\lib\tools.jar;;C:\Program Files (x86)\MySQL\MySQL Server 5.5\bin;D:\MySql\MySQL Server 5.7\bin;D:\MingW\mingw64x86_64-7.3.0-release-posix-seh-rt_v5-rev0\mingw64\bin;D:\Neo4j\neo4j-community-3.5.5\bin;C:\Program Files (x86)\Windows Kits\8.1\Windows Performance Toolkit\;D:\AndroidStudio\AndroidSDK\platform-tools;D:\rationalRose\common;%ANDROID_SDK_HOME%\platform-tools;%ANDROID_SDK_HOME%\tools;D:\jdk1.8\maven\apache-maven-3.8.1\bin;D:\XShell\;D:\Xftp\;C:\WINDOWS\system32;C:\WINDOWS;C:\WINDOWS\System32\Wbem;C:\WINDOWS\System32\WindowsPowerShell\v1.0\;C:\WINDOWS\System32\OpenSSH\;D:\NodeJS\;C:\Users\DELL\AppData\Local\Microsoft\WindowsApps;D:\PyCharm Community Edition 2020.2.3\bin;D:\PyCharm 2020.2.3\bin;D:\IDEA\IntelliJ IDEA Community Edition 2020.3\bin;D:\VSCode\Microsoft VS Code\bin;D:\IntelliJ IDEA 2021.2.1\bin;D:\+院\2021--2\移动互联应用设计与开发\IDEAstudy\gradle\6.6.7\gradle-6.7\bin;C:\Users\DELL\AppData\Roaming\npm;."/>
    <property name="java.vm.info" value="mixed mode, sharing"/>
    <property name="java.vendor" value="Oracle Corporation"/>
    <property name="java.vm.version" value="15.0.2+7-27"/>
    <property name="sun.io.unicode.encoding" value="UnicodeLittle"/>
    <property name="java.class.version" value="59.0"/>
  </properties>
  <testcase name="contextLoads" classname="com.example.blog.BlogApplicationTests" time="0.172"/>
</testsuite>